CRITICAL - 2022-04-26 13:28:06 --> Undefined array key "descripción"
#0 C:\xampp\htdocs\trabajo_final\app\Views\encargados\nivel.php(36): CodeIgniter\Debug\Exceptions->errorHandler(2, 'Undefined array...', 'C:\\xampp\\htdocs...', 36)
#1 C:\xampp\htdocs\trabajo_final\system\View\View.php(210): include('C:\\xampp\\htdocs...')
#2 C:\xampp\htdocs\trabajo_final\system\View\View.php(213): CodeIgniter\View\View->CodeIgniter\View\{closure}()
#3 C:\xampp\htdocs\trabajo_final\system\Common.php(1089): CodeIgniter\View\View->render('encargados/nive...', Array, true)
#4 C:\xampp\htdocs\trabajo_final\app\Controllers\Nivelesacademicos.php(11): view('encargados/nive...', Array)
#5 C:\xampp\htdocs\trabajo_final\system\CodeIgniter.php(832): App\Controllers\Nivelesacademicos->cargarNivel()
#6 C:\xampp\htdocs\trabajo_final\system\CodeIgniter.php(419): CodeIgniter\CodeIgniter->runController(Object(App\Controllers\Nivelesacademicos))
#7 C:\xampp\htdocs\trabajo_final\system\CodeIgniter.php(326): CodeIgniter\CodeIgniter->handleRequest(NULL, Object(Config\Cache), false)
#8 C:\xampp\htdocs\trabajo_final\public\index.php(37): CodeIgniter\CodeIgniter->run()
#9 {main}
CRITICAL - 2022-04-26 13:28:18 --> Undefined array key "descripción"
#0 C:\xampp\htdocs\trabajo_final\app\Views\encargados\nivel.php(36): CodeIgniter\Debug\Exceptions->errorHandler(2, 'Undefined array...', 'C:\\xampp\\htdocs...', 36)
#1 C:\xampp\htdocs\trabajo_final\system\View\View.php(210): include('C:\\xampp\\htdocs...')
#2 C:\xampp\htdocs\trabajo_final\system\View\View.php(213): CodeIgniter\View\View->CodeIgniter\View\{closure}()
#3 C:\xampp\htdocs\trabajo_final\system\Common.php(1089): CodeIgniter\View\View->render('encargados/nive...', Array, true)
#4 C:\xampp\htdocs\trabajo_final\app\Controllers\Nivelesacademicos.php(11): view('encargados/nive...', Array)
#5 C:\xampp\htdocs\trabajo_final\system\CodeIgniter.php(832): App\Controllers\Nivelesacademicos->cargarNivel()
#6 C:\xampp\htdocs\trabajo_final\system\CodeIgniter.php(419): CodeIgniter\CodeIgniter->runController(Object(App\Controllers\Nivelesacademicos))
#7 C:\xampp\htdocs\trabajo_final\system\CodeIgniter.php(326): CodeIgniter\CodeIgniter->handleRequest(NULL, Object(Config\Cache), false)
#8 C:\xampp\htdocs\trabajo_final\public\index.php(37): CodeIgniter\CodeIgniter->run()
#9 {main}
CRITICAL - 2022-04-26 13:29:42 --> Undefined array key "descripción"
#0 C:\xampp\htdocs\trabajo_final\app\Views\encargados\nivelacad.php(36): CodeIgniter\Debug\Exceptions->errorHandler(2, 'Undefined array...', 'C:\\xampp\\htdocs...', 36)
#1 C:\xampp\htdocs\trabajo_final\system\View\View.php(210): include('C:\\xampp\\htdocs...')
#2 C:\xampp\htdocs\trabajo_final\system\View\View.php(213): CodeIgniter\View\View->CodeIgniter\View\{closure}()
#3 C:\xampp\htdocs\trabajo_final\system\Common.php(1089): CodeIgniter\View\View->render('encargados/nive...', Array, true)
#4 C:\xampp\htdocs\trabajo_final\app\Controllers\Nivelesacademicos.php(11): view('encargados/nive...', Array)
#5 C:\xampp\htdocs\trabajo_final\system\CodeIgniter.php(832): App\Controllers\Nivelesacademicos->cargarNiveles()
#6 C:\xampp\htdocs\trabajo_final\system\CodeIgniter.php(419): CodeIgniter\CodeIgniter->runController(Object(App\Controllers\Nivelesacademicos))
#7 C:\xampp\htdocs\trabajo_final\system\CodeIgniter.php(326): CodeIgniter\CodeIgniter->handleRequest(NULL, Object(Config\Cache), false)
#8 C:\xampp\htdocs\trabajo_final\public\index.php(37): CodeIgniter\CodeIgniter->run()
#9 {main}
CRITICAL - 2022-04-26 13:30:49 --> Undefined array key "descripción"
#0 C:\xampp\htdocs\trabajo_final\app\Views\encargados\nivelacad.php(36): CodeIgniter\Debug\Exceptions->errorHandler(2, 'Undefined array...', 'C:\\xampp\\htdocs...', 36)
#1 C:\xampp\htdocs\trabajo_final\system\View\View.php(210): include('C:\\xampp\\htdocs...')
#2 C:\xampp\htdocs\trabajo_final\system\View\View.php(213): CodeIgniter\View\View->CodeIgniter\View\{closure}()
#3 C:\xampp\htdocs\trabajo_final\system\Common.php(1089): CodeIgniter\View\View->render('encargados/nive...', Array, true)
#4 C:\xampp\htdocs\trabajo_final\app\Controllers\Nivelesacademicos.php(11): view('encargados/nive...', Array)
#5 C:\xampp\htdocs\trabajo_final\system\CodeIgniter.php(832): App\Controllers\Nivelesacademicos->cargarNiveles()
#6 C:\xampp\htdocs\trabajo_final\system\CodeIgniter.php(419): CodeIgniter\CodeIgniter->runController(Object(App\Controllers\Nivelesacademicos))
#7 C:\xampp\htdocs\trabajo_final\system\CodeIgniter.php(326): CodeIgniter\CodeIgniter->handleRequest(NULL, Object(Config\Cache), false)
#8 C:\xampp\htdocs\trabajo_final\public\index.php(37): CodeIgniter\CodeIgniter->run()
#9 {main}
CRITICAL - 2022-04-26 13:30:51 --> Undefined array key "descripción"
#0 C:\xampp\htdocs\trabajo_final\app\Views\encargados\nivelacad.php(36): CodeIgniter\Debug\Exceptions->errorHandler(2, 'Undefined array...', 'C:\\xampp\\htdocs...', 36)
#1 C:\xampp\htdocs\trabajo_final\system\View\View.php(210): include('C:\\xampp\\htdocs...')
#2 C:\xampp\htdocs\trabajo_final\system\View\View.php(213): CodeIgniter\View\View->CodeIgniter\View\{closure}()
#3 C:\xampp\htdocs\trabajo_final\system\Common.php(1089): CodeIgniter\View\View->render('encargados/nive...', Array, true)
#4 C:\xampp\htdocs\trabajo_final\app\Controllers\Nivelesacademicos.php(11): view('encargados/nive...', Array)
#5 C:\xampp\htdocs\trabajo_final\system\CodeIgniter.php(832): App\Controllers\Nivelesacademicos->cargarNiveles()
#6 C:\xampp\htdocs\trabajo_final\system\CodeIgniter.php(419): CodeIgniter\CodeIgniter->runController(Object(App\Controllers\Nivelesacademicos))
#7 C:\xampp\htdocs\trabajo_final\system\CodeIgniter.php(326): CodeIgniter\CodeIgniter->handleRequest(NULL, Object(Config\Cache), false)
#8 C:\xampp\htdocs\trabajo_final\public\index.php(37): CodeIgniter\CodeIgniter->run()
#9 {main}
CRITICAL - 2022-04-26 13:30:52 --> Undefined array key "descripción"
#0 C:\xampp\htdocs\trabajo_final\app\Views\encargados\nivelacad.php(36): CodeIgniter\Debug\Exceptions->errorHandler(2, 'Undefined array...', 'C:\\xampp\\htdocs...', 36)
#1 C:\xampp\htdocs\trabajo_final\system\View\View.php(210): include('C:\\xampp\\htdocs...')
#2 C:\xampp\htdocs\trabajo_final\system\View\View.php(213): CodeIgniter\View\View->CodeIgniter\View\{closure}()
#3 C:\xampp\htdocs\trabajo_final\system\Common.php(1089): CodeIgniter\View\View->render('encargados/nive...', Array, true)
#4 C:\xampp\htdocs\trabajo_final\app\Controllers\Nivelesacademicos.php(11): view('encargados/nive...', Array)
#5 C:\xampp\htdocs\trabajo_final\system\CodeIgniter.php(832): App\Controllers\Nivelesacademicos->cargarNiveles()
#6 C:\xampp\htdocs\trabajo_final\system\CodeIgniter.php(419): CodeIgniter\CodeIgniter->runController(Object(App\Controllers\Nivelesacademicos))
#7 C:\xampp\htdocs\trabajo_final\system\CodeIgniter.php(326): CodeIgniter\CodeIgniter->handleRequest(NULL, Object(Config\Cache), false)
#8 C:\xampp\htdocs\trabajo_final\public\index.php(37): CodeIgniter\CodeIgniter->run()
#9 {main}
CRITICAL - 2022-04-26 13:30:52 --> Undefined array key "descripción"
#0 C:\xampp\htdocs\trabajo_final\app\Views\encargados\nivelacad.php(36): CodeIgniter\Debug\Exceptions->errorHandler(2, 'Undefined array...', 'C:\\xampp\\htdocs...', 36)
#1 C:\xampp\htdocs\trabajo_final\system\View\View.php(210): include('C:\\xampp\\htdocs...')
#2 C:\xampp\htdocs\trabajo_final\system\View\View.php(213): CodeIgniter\View\View->CodeIgniter\View\{closure}()
#3 C:\xampp\htdocs\trabajo_final\system\Common.php(1089): CodeIgniter\View\View->render('encargados/nive...', Array, true)
#4 C:\xampp\htdocs\trabajo_final\app\Controllers\Nivelesacademicos.php(11): view('encargados/nive...', Array)
#5 C:\xampp\htdocs\trabajo_final\system\CodeIgniter.php(832): App\Controllers\Nivelesacademicos->cargarNiveles()
#6 C:\xampp\htdocs\trabajo_final\system\CodeIgniter.php(419): CodeIgniter\CodeIgniter->runController(Object(App\Controllers\Nivelesacademicos))
#7 C:\xampp\htdocs\trabajo_final\system\CodeIgniter.php(326): CodeIgniter\CodeIgniter->handleRequest(NULL, Object(Config\Cache), false)
#8 C:\xampp\htdocs\trabajo_final\public\index.php(37): CodeIgniter\CodeIgniter->run()
#9 {main}
CRITICAL - 2022-04-26 13:30:52 --> Undefined array key "descripción"
#0 C:\xampp\htdocs\trabajo_final\app\Views\encargados\nivelacad.php(36): CodeIgniter\Debug\Exceptions->errorHandler(2, 'Undefined array...', 'C:\\xampp\\htdocs...', 36)
#1 C:\xampp\htdocs\trabajo_final\system\View\View.php(210): include('C:\\xampp\\htdocs...')
#2 C:\xampp\htdocs\trabajo_final\system\View\View.php(213): CodeIgniter\View\View->CodeIgniter\View\{closure}()
#3 C:\xampp\htdocs\trabajo_final\system\Common.php(1089): CodeIgniter\View\View->render('encargados/nive...', Array, true)
#4 C:\xampp\htdocs\trabajo_final\app\Controllers\Nivelesacademicos.php(11): view('encargados/nive...', Array)
#5 C:\xampp\htdocs\trabajo_final\system\CodeIgniter.php(832): App\Controllers\Nivelesacademicos->cargarNiveles()
#6 C:\xampp\htdocs\trabajo_final\system\CodeIgniter.php(419): CodeIgniter\CodeIgniter->runController(Object(App\Controllers\Nivelesacademicos))
#7 C:\xampp\htdocs\trabajo_final\system\CodeIgniter.php(326): CodeIgniter\CodeIgniter->handleRequest(NULL, Object(Config\Cache), false)
#8 C:\xampp\htdocs\trabajo_final\public\index.php(37): CodeIgniter\CodeIgniter->run()
#9 {main}
CRITICAL - 2022-04-26 13:41:22 --> Undefined variable $nivel
#0 C:\xampp\htdocs\trabajo_final\app\Views\encargados\nivelacad.php(30): CodeIgniter\Debug\Exceptions->errorHandler(2, 'Undefined varia...', 'C:\\xampp\\htdocs...', 30)
#1 C:\xampp\htdocs\trabajo_final\system\View\View.php(210): include('C:\\xampp\\htdocs...')
#2 C:\xampp\htdocs\trabajo_final\system\View\View.php(213): CodeIgniter\View\View->CodeIgniter\View\{closure}()
#3 C:\xampp\htdocs\trabajo_final\system\Common.php(1089): CodeIgniter\View\View->render('encargados/nive...', Array, true)
#4 C:\xampp\htdocs\trabajo_final\app\Controllers\Municipios.php(11): view('encargados/nive...', Array)
#5 C:\xampp\htdocs\trabajo_final\system\CodeIgniter.php(832): App\Controllers\Municipios->cargarMunicipios()
#6 C:\xampp\htdocs\trabajo_final\system\CodeIgniter.php(419): CodeIgniter\CodeIgniter->runController(Object(App\Controllers\Municipios))
#7 C:\xampp\htdocs\trabajo_final\system\CodeIgniter.php(326): CodeIgniter\CodeIgniter->handleRequest(NULL, Object(Config\Cache), false)
#8 C:\xampp\htdocs\trabajo_final\public\index.php(37): CodeIgniter\CodeIgniter->run()
#9 {main}
ERROR - 2022-04-26 14:05:56 --> Unknown column 'tipousuario_id' in 'order clause'
CRITICAL - 2022-04-26 14:05:56 --> Call to a member function getResult() on bool
#0 C:\xampp\htdocs\trabajo_final\system\BaseModel.php(584): CodeIgniter\Model->doFindAll(0, 0)
#1 C:\xampp\htdocs\trabajo_final\app\Controllers\Tipos_usuarios.php(11): CodeIgniter\BaseModel->findAll()
#2 C:\xampp\htdocs\trabajo_final\system\CodeIgniter.php(832): App\Controllers\Tipos_usuarios->cargarTipos()
#3 C:\xampp\htdocs\trabajo_final\system\CodeIgniter.php(419): CodeIgniter\CodeIgniter->runController(Object(App\Controllers\Tipos_usuarios))
#4 C:\xampp\htdocs\trabajo_final\system\CodeIgniter.php(326): CodeIgniter\CodeIgniter->handleRequest(NULL, Object(Config\Cache), false)
#5 C:\xampp\htdocs\trabajo_final\public\index.php(37): CodeIgniter\CodeIgniter->run()
#6 {main}
ERROR - 2022-04-26 14:05:57 --> Unknown column 'tipousuario_id' in 'order clause'
CRITICAL - 2022-04-26 14:05:57 --> Call to a member function getResult() on bool
#0 C:\xampp\htdocs\trabajo_final\system\BaseModel.php(584): CodeIgniter\Model->doFindAll(0, 0)
#1 C:\xampp\htdocs\trabajo_final\app\Controllers\Tipos_usuarios.php(11): CodeIgniter\BaseModel->findAll()
#2 C:\xampp\htdocs\trabajo_final\system\CodeIgniter.php(832): App\Controllers\Tipos_usuarios->cargarTipos()
#3 C:\xampp\htdocs\trabajo_final\system\CodeIgniter.php(419): CodeIgniter\CodeIgniter->runController(Object(App\Controllers\Tipos_usuarios))
#4 C:\xampp\htdocs\trabajo_final\system\CodeIgniter.php(326): CodeIgniter\CodeIgniter->handleRequest(NULL, Object(Config\Cache), false)
#5 C:\xampp\htdocs\trabajo_final\public\index.php(37): CodeIgniter\CodeIgniter->run()
#6 {main}
ERROR - 2022-04-26 14:06:12 --> Unknown column 'tipousuario_id' in 'order clause'
CRITICAL - 2022-04-26 14:06:12 --> Call to a member function getResult() on bool
#0 C:\xampp\htdocs\trabajo_final\system\BaseModel.php(584): CodeIgniter\Model->doFindAll(0, 0)
#1 C:\xampp\htdocs\trabajo_final\app\Controllers\Tipos_usuarios.php(11): CodeIgniter\BaseModel->findAll()
#2 C:\xampp\htdocs\trabajo_final\system\CodeIgniter.php(832): App\Controllers\Tipos_usuarios->cargarTipos()
#3 C:\xampp\htdocs\trabajo_final\system\CodeIgniter.php(419): CodeIgniter\CodeIgniter->runController(Object(App\Controllers\Tipos_usuarios))
#4 C:\xampp\htdocs\trabajo_final\system\CodeIgniter.php(326): CodeIgniter\CodeIgniter->handleRequest(NULL, Object(Config\Cache), false)
#5 C:\xampp\htdocs\trabajo_final\public\index.php(37): CodeIgniter\CodeIgniter->run()
#6 {main}
ERROR - 2022-04-26 14:06:14 --> Unknown column 'tipousuario_id' in 'order clause'
CRITICAL - 2022-04-26 14:06:14 --> Call to a member function getResult() on bool
#0 C:\xampp\htdocs\trabajo_final\system\BaseModel.php(584): CodeIgniter\Model->doFindAll(0, 0)
#1 C:\xampp\htdocs\trabajo_final\app\Controllers\Tipos_usuarios.php(11): CodeIgniter\BaseModel->findAll()
#2 C:\xampp\htdocs\trabajo_final\system\CodeIgniter.php(832): App\Controllers\Tipos_usuarios->cargarTipos()
#3 C:\xampp\htdocs\trabajo_final\system\CodeIgniter.php(419): CodeIgniter\CodeIgniter->runController(Object(App\Controllers\Tipos_usuarios))
#4 C:\xampp\htdocs\trabajo_final\system\CodeIgniter.php(326): CodeIgniter\CodeIgniter->handleRequest(NULL, Object(Config\Cache), false)
#5 C:\xampp\htdocs\trabajo_final\public\index.php(37): CodeIgniter\CodeIgniter->run()
#6 {main}
ERROR - 2022-04-26 14:06:37 --> Unknown column 'tipousuario_id' in 'order clause'
CRITICAL - 2022-04-26 14:06:37 --> Call to a member function getResult() on bool
#0 C:\xampp\htdocs\trabajo_final\system\BaseModel.php(584): CodeIgniter\Model->doFindAll(0, 0)
#1 C:\xampp\htdocs\trabajo_final\app\Controllers\Tipos_usuarios.php(11): CodeIgniter\BaseModel->findAll()
#2 C:\xampp\htdocs\trabajo_final\system\CodeIgniter.php(832): App\Controllers\Tipos_usuarios->cargarTipos()
#3 C:\xampp\htdocs\trabajo_final\system\CodeIgniter.php(419): CodeIgniter\CodeIgniter->runController(Object(App\Controllers\Tipos_usuarios))
#4 C:\xampp\htdocs\trabajo_final\system\CodeIgniter.php(326): CodeIgniter\CodeIgniter->handleRequest(NULL, Object(Config\Cache), false)
#5 C:\xampp\htdocs\trabajo_final\public\index.php(37): CodeIgniter\CodeIgniter->run()
#6 {main}
ERROR - 2022-04-26 14:06:38 --> Unknown column 'tipousuario_id' in 'order clause'
CRITICAL - 2022-04-26 14:06:38 --> Call to a member function getResult() on bool
#0 C:\xampp\htdocs\trabajo_final\system\BaseModel.php(584): CodeIgniter\Model->doFindAll(0, 0)
#1 C:\xampp\htdocs\trabajo_final\app\Controllers\Tipos_usuarios.php(11): CodeIgniter\BaseModel->findAll()
#2 C:\xampp\htdocs\trabajo_final\system\CodeIgniter.php(832): App\Controllers\Tipos_usuarios->cargarTipos()
#3 C:\xampp\htdocs\trabajo_final\system\CodeIgniter.php(419): CodeIgniter\CodeIgniter->runController(Object(App\Controllers\Tipos_usuarios))
#4 C:\xampp\htdocs\trabajo_final\system\CodeIgniter.php(326): CodeIgniter\CodeIgniter->handleRequest(NULL, Object(Config\Cache), false)
#5 C:\xampp\htdocs\trabajo_final\public\index.php(37): CodeIgniter\CodeIgniter->run()
#6 {main}
ERROR - 2022-04-26 14:06:38 --> Unknown column 'tipousuario_id' in 'order clause'
CRITICAL - 2022-04-26 14:06:38 --> Call to a member function getResult() on bool
#0 C:\xampp\htdocs\trabajo_final\system\BaseModel.php(584): CodeIgniter\Model->doFindAll(0, 0)
#1 C:\xampp\htdocs\trabajo_final\app\Controllers\Tipos_usuarios.php(11): CodeIgniter\BaseModel->findAll()
#2 C:\xampp\htdocs\trabajo_final\system\CodeIgniter.php(832): App\Controllers\Tipos_usuarios->cargarTipos()
#3 C:\xampp\htdocs\trabajo_final\system\CodeIgniter.php(419): CodeIgniter\CodeIgniter->runController(Object(App\Controllers\Tipos_usuarios))
#4 C:\xampp\htdocs\trabajo_final\system\CodeIgniter.php(326): CodeIgniter\CodeIgniter->handleRequest(NULL, Object(Config\Cache), false)
#5 C:\xampp\htdocs\trabajo_final\public\index.php(37): CodeIgniter\CodeIgniter->run()
#6 {main}
ERROR - 2022-04-26 14:06:39 --> Unknown column 'tipousuario_id' in 'order clause'
CRITICAL - 2022-04-26 14:06:39 --> Call to a member function getResult() on bool
#0 C:\xampp\htdocs\trabajo_final\system\BaseModel.php(584): CodeIgniter\Model->doFindAll(0, 0)
#1 C:\xampp\htdocs\trabajo_final\app\Controllers\Tipos_usuarios.php(11): CodeIgniter\BaseModel->findAll()
#2 C:\xampp\htdocs\trabajo_final\system\CodeIgniter.php(832): App\Controllers\Tipos_usuarios->cargarTipos()
#3 C:\xampp\htdocs\trabajo_final\system\CodeIgniter.php(419): CodeIgniter\CodeIgniter->runController(Object(App\Controllers\Tipos_usuarios))
#4 C:\xampp\htdocs\trabajo_final\system\CodeIgniter.php(326): CodeIgniter\CodeIgniter->handleRequest(NULL, Object(Config\Cache), false)
#5 C:\xampp\htdocs\trabajo_final\public\index.php(37): CodeIgniter\CodeIgniter->run()
#6 {main}
CRITICAL - 2022-04-26 16:15:43 --> Invalid file: administradores/tipousuarios.php
#0 C:\xampp\htdocs\trabajo_final\system\View\View.php(198): CodeIgniter\Exceptions\FrameworkException::forInvalidFile('administradores...')
#1 C:\xampp\htdocs\trabajo_final\system\Common.php(1089): CodeIgniter\View\View->render('administradores...', Array, true)
#2 C:\xampp\htdocs\trabajo_final\app\Controllers\Tipos.php(11): view('administradores...', Array)
#3 C:\xampp\htdocs\trabajo_final\system\CodeIgniter.php(832): App\Controllers\Tipos->cargarTipos()
#4 C:\xampp\htdocs\trabajo_final\system\CodeIgniter.php(419): CodeIgniter\CodeIgniter->runController(Object(App\Controllers\Tipos))
#5 C:\xampp\htdocs\trabajo_final\system\CodeIgniter.php(326): CodeIgniter\CodeIgniter->handleRequest(NULL, Object(Config\Cache), false)
#6 C:\xampp\htdocs\trabajo_final\public\index.php(37): CodeIgniter\CodeIgniter->run()
#7 {main}
CRITICAL - 2022-04-26 16:15:45 --> Invalid file: administradores/tipousuarios.php
#0 C:\xampp\htdocs\trabajo_final\system\View\View.php(198): CodeIgniter\Exceptions\FrameworkException::forInvalidFile('administradores...')
#1 C:\xampp\htdocs\trabajo_final\system\Common.php(1089): CodeIgniter\View\View->render('administradores...', Array, true)
#2 C:\xampp\htdocs\trabajo_final\app\Controllers\Tipos.php(11): view('administradores...', Array)
#3 C:\xampp\htdocs\trabajo_final\system\CodeIgniter.php(832): App\Controllers\Tipos->cargarTipos()
#4 C:\xampp\htdocs\trabajo_final\system\CodeIgniter.php(419): CodeIgniter\CodeIgniter->runController(Object(App\Controllers\Tipos))
#5 C:\xampp\htdocs\trabajo_final\system\CodeIgniter.php(326): CodeIgniter\CodeIgniter->handleRequest(NULL, Object(Config\Cache), false)
#6 C:\xampp\htdocs\trabajo_final\public\index.php(37): CodeIgniter\CodeIgniter->run()
#7 {main}
CRITICAL - 2022-04-26 16:16:10 --> Invalid file: administradores/tipousuarios.php
#0 C:\xampp\htdocs\trabajo_final\system\View\View.php(198): CodeIgniter\Exceptions\FrameworkException::forInvalidFile('administradores...')
#1 C:\xampp\htdocs\trabajo_final\system\Common.php(1089): CodeIgniter\View\View->render('administradores...', Array, true)
#2 C:\xampp\htdocs\trabajo_final\app\Controllers\Tipos.php(11): view('administradores...', Array)
#3 C:\xampp\htdocs\trabajo_final\system\CodeIgniter.php(832): App\Controllers\Tipos->cargarTipos()
#4 C:\xampp\htdocs\trabajo_final\system\CodeIgniter.php(419): CodeIgniter\CodeIgniter->runController(Object(App\Controllers\Tipos))
#5 C:\xampp\htdocs\trabajo_final\system\CodeIgniter.php(326): CodeIgniter\CodeIgniter->handleRequest(NULL, Object(Config\Cache), false)
#6 C:\xampp\htdocs\trabajo_final\public\index.php(37): CodeIgniter\CodeIgniter->run()
#7 {main}
CRITICAL - 2022-04-26 16:16:11 --> Invalid file: administradores/tipousuarios.php
#0 C:\xampp\htdocs\trabajo_final\system\View\View.php(198): CodeIgniter\Exceptions\FrameworkException::forInvalidFile('administradores...')
#1 C:\xampp\htdocs\trabajo_final\system\Common.php(1089): CodeIgniter\View\View->render('administradores...', Array, true)
#2 C:\xampp\htdocs\trabajo_final\app\Controllers\Tipos.php(11): view('administradores...', Array)
#3 C:\xampp\htdocs\trabajo_final\system\CodeIgniter.php(832): App\Controllers\Tipos->cargarTipos()
#4 C:\xampp\htdocs\trabajo_final\system\CodeIgniter.php(419): CodeIgniter\CodeIgniter->runController(Object(App\Controllers\Tipos))
#5 C:\xampp\htdocs\trabajo_final\system\CodeIgniter.php(326): CodeIgniter\CodeIgniter->handleRequest(NULL, Object(Config\Cache), false)
#6 C:\xampp\htdocs\trabajo_final\public\index.php(37): CodeIgniter\CodeIgniter->run()
#7 {main}
CRITICAL - 2022-04-26 16:16:12 --> Invalid file: administradores/tipousuarios.php
#0 C:\xampp\htdocs\trabajo_final\system\View\View.php(198): CodeIgniter\Exceptions\FrameworkException::forInvalidFile('administradores...')
#1 C:\xampp\htdocs\trabajo_final\system\Common.php(1089): CodeIgniter\View\View->render('administradores...', Array, true)
#2 C:\xampp\htdocs\trabajo_final\app\Controllers\Tipos.php(11): view('administradores...', Array)
#3 C:\xampp\htdocs\trabajo_final\system\CodeIgniter.php(832): App\Controllers\Tipos->cargarTipos()
#4 C:\xampp\htdocs\trabajo_final\system\CodeIgniter.php(419): CodeIgniter\CodeIgniter->runController(Object(App\Controllers\Tipos))
#5 C:\xampp\htdocs\trabajo_final\system\CodeIgniter.php(326): CodeIgniter\CodeIgniter->handleRequest(NULL, Object(Config\Cache), false)
#6 C:\xampp\htdocs\trabajo_final\public\index.php(37): CodeIgniter\CodeIgniter->run()
#7 {main}
CRITICAL - 2022-04-26 16:16:12 --> Invalid file: administradores/tipousuarios.php
#0 C:\xampp\htdocs\trabajo_final\system\View\View.php(198): CodeIgniter\Exceptions\FrameworkException::forInvalidFile('administradores...')
#1 C:\xampp\htdocs\trabajo_final\system\Common.php(1089): CodeIgniter\View\View->render('administradores...', Array, true)
#2 C:\xampp\htdocs\trabajo_final\app\Controllers\Tipos.php(11): view('administradores...', Array)
#3 C:\xampp\htdocs\trabajo_final\system\CodeIgniter.php(832): App\Controllers\Tipos->cargarTipos()
#4 C:\xampp\htdocs\trabajo_final\system\CodeIgniter.php(419): CodeIgniter\CodeIgniter->runController(Object(App\Controllers\Tipos))
#5 C:\xampp\htdocs\trabajo_final\system\CodeIgniter.php(326): CodeIgniter\CodeIgniter->handleRequest(NULL, Object(Config\Cache), false)
#6 C:\xampp\htdocs\trabajo_final\public\index.php(37): CodeIgniter\CodeIgniter->run()
#7 {main}
