ERROR - 2022-05-06 21:21:51 --> Unknown column 'codigo_editorial' in 'order clause'
CRITICAL - 2022-05-06 21:21:51 --> Call to a member function getResult() on bool
#0 C:\xampp\htdocs\trabajo_final\system\BaseModel.php(584): CodeIgniter\Model->doFindAll(0, 0)
#1 C:\xampp\htdocs\trabajo_final\app\Controllers\Internautas.php(21): CodeIgniter\BaseModel->findAll()
#2 C:\xampp\htdocs\trabajo_final\system\CodeIgniter.php(832): App\Controllers\Internautas->eliminarUsuarios()
#3 C:\xampp\htdocs\trabajo_final\system\CodeIgniter.php(419): CodeIgniter\CodeIgniter->runController(Object(App\Controllers\Internautas))
#4 C:\xampp\htdocs\trabajo_final\system\CodeIgniter.php(326): CodeIgniter\CodeIgniter->handleRequest(NULL, Object(Config\Cache), false)
#5 C:\xampp\htdocs\trabajo_final\public\index.php(37): CodeIgniter\CodeIgniter->run()
#6 {main}
CRITICAL - 2022-05-06 21:25:19 --> Undefined variable $usuario
#0 C:\xampp\htdocs\trabajo_final\app\Views\administradores\administrador.php(32): CodeIgniter\Debug\Exceptions->errorHandler(2, 'Undefined varia...', 'C:\\xampp\\htdocs...', 32)
#1 C:\xampp\htdocs\trabajo_final\system\View\View.php(210): include('C:\\xampp\\htdocs...')
#2 C:\xampp\htdocs\trabajo_final\system\View\View.php(213): CodeIgniter\View\View->CodeIgniter\View\{closure}()
#3 C:\xampp\htdocs\trabajo_final\system\Common.php(1089): CodeIgniter\View\View->render('administradores...', Array, true)
#4 C:\xampp\htdocs\trabajo_final\app\Controllers\Internautas.php(23): view('administradores...', Array)
#5 C:\xampp\htdocs\trabajo_final\system\CodeIgniter.php(832): App\Controllers\Internautas->eliminarUsuarios('1010403910608')
#6 C:\xampp\htdocs\trabajo_final\system\CodeIgniter.php(419): CodeIgniter\CodeIgniter->runController(Object(App\Controllers\Internautas))
#7 C:\xampp\htdocs\trabajo_final\system\CodeIgniter.php(326): CodeIgniter\CodeIgniter->handleRequest(NULL, Object(Config\Cache), false)
#8 C:\xampp\htdocs\trabajo_final\public\index.php(37): CodeIgniter\CodeIgniter->run()
#9 {main}
CRITICAL - 2022-05-06 21:26:32 --> Undefined variable $usuarios
#0 C:\xampp\htdocs\trabajo_final\app\Views\administradores\administrador.php(32): CodeIgniter\Debug\Exceptions->errorHandler(2, 'Undefined varia...', 'C:\\xampp\\htdocs...', 32)
#1 C:\xampp\htdocs\trabajo_final\system\View\View.php(210): include('C:\\xampp\\htdocs...')
#2 C:\xampp\htdocs\trabajo_final\system\View\View.php(213): CodeIgniter\View\View->CodeIgniter\View\{closure}()
#3 C:\xampp\htdocs\trabajo_final\system\Common.php(1089): CodeIgniter\View\View->render('administradores...', Array, true)
#4 C:\xampp\htdocs\trabajo_final\app\Controllers\Internautas.php(13): view('administradores...', Array)
#5 C:\xampp\htdocs\trabajo_final\system\CodeIgniter.php(832): App\Controllers\Internautas->cargarInternautas()
#6 C:\xampp\htdocs\trabajo_final\system\CodeIgniter.php(419): CodeIgniter\CodeIgniter->runController(Object(App\Controllers\Internautas))
#7 C:\xampp\htdocs\trabajo_final\system\CodeIgniter.php(326): CodeIgniter\CodeIgniter->handleRequest(NULL, Object(Config\Cache), false)
#8 C:\xampp\htdocs\trabajo_final\public\index.php(37): CodeIgniter\CodeIgniter->run()
#9 {main}
CRITICAL - 2022-05-06 21:26:34 --> Undefined variable $usuarios
#0 C:\xampp\htdocs\trabajo_final\app\Views\administradores\administrador.php(32): CodeIgniter\Debug\Exceptions->errorHandler(2, 'Undefined varia...', 'C:\\xampp\\htdocs...', 32)
#1 C:\xampp\htdocs\trabajo_final\system\View\View.php(210): include('C:\\xampp\\htdocs...')
#2 C:\xampp\htdocs\trabajo_final\system\View\View.php(213): CodeIgniter\View\View->CodeIgniter\View\{closure}()
#3 C:\xampp\htdocs\trabajo_final\system\Common.php(1089): CodeIgniter\View\View->render('administradores...', Array, true)
#4 C:\xampp\htdocs\trabajo_final\app\Controllers\Internautas.php(13): view('administradores...', Array)
#5 C:\xampp\htdocs\trabajo_final\system\CodeIgniter.php(832): App\Controllers\Internautas->cargarInternautas()
#6 C:\xampp\htdocs\trabajo_final\system\CodeIgniter.php(419): CodeIgniter\CodeIgniter->runController(Object(App\Controllers\Internautas))
#7 C:\xampp\htdocs\trabajo_final\system\CodeIgniter.php(326): CodeIgniter\CodeIgniter->handleRequest(NULL, Object(Config\Cache), false)
#8 C:\xampp\htdocs\trabajo_final\public\index.php(37): CodeIgniter\CodeIgniter->run()
#9 {main}
CRITICAL - 2022-05-06 21:26:42 --> Undefined variable $usuarios
#0 C:\xampp\htdocs\trabajo_final\app\Views\administradores\administrador.php(32): CodeIgniter\Debug\Exceptions->errorHandler(2, 'Undefined varia...', 'C:\\xampp\\htdocs...', 32)
#1 C:\xampp\htdocs\trabajo_final\system\View\View.php(210): include('C:\\xampp\\htdocs...')
#2 C:\xampp\htdocs\trabajo_final\system\View\View.php(213): CodeIgniter\View\View->CodeIgniter\View\{closure}()
#3 C:\xampp\htdocs\trabajo_final\system\Common.php(1089): CodeIgniter\View\View->render('administradores...', Array, true)
#4 C:\xampp\htdocs\trabajo_final\app\Controllers\Internautas.php(13): view('administradores...', Array)
#5 C:\xampp\htdocs\trabajo_final\system\CodeIgniter.php(832): App\Controllers\Internautas->cargarInternautas()
#6 C:\xampp\htdocs\trabajo_final\system\CodeIgniter.php(419): CodeIgniter\CodeIgniter->runController(Object(App\Controllers\Internautas))
#7 C:\xampp\htdocs\trabajo_final\system\CodeIgniter.php(326): CodeIgniter\CodeIgniter->handleRequest(NULL, Object(Config\Cache), false)
#8 C:\xampp\htdocs\trabajo_final\public\index.php(37): CodeIgniter\CodeIgniter->run()
#9 {main}
ERROR - 2022-05-06 21:50:36 --> Column 'dpi' cannot be null
ERROR - 2022-05-06 21:50:39 --> Column 'dpi' cannot be null
ERROR - 2022-05-06 21:51:44 --> Column 'dpi' cannot be null
ERROR - 2022-05-06 21:51:53 --> Column 'dpi' cannot be null
ERROR - 2022-05-06 21:51:55 --> Column 'dpi' cannot be null
CRITICAL - 2022-05-06 21:55:22 --> syntax error, unexpected variable "$datos"
#0 C:\xampp\htdocs\trabajo_final\system\Autoloader\Autoloader.php(241): CodeIgniter\Autoloader\Autoloader->includeFile('C:\\xampp\\htdocs...')
#1 C:\xampp\htdocs\trabajo_final\system\Autoloader\Autoloader.php(219): CodeIgniter\Autoloader\Autoloader->loadInNamespace('App\\Controllers...')
#2 [internal function]: CodeIgniter\Autoloader\Autoloader->loadClass('App\\Controllers...')
#3 C:\xampp\htdocs\trabajo_final\system\CodeIgniter.php(797): class_exists('\\App\\Controller...', true)
#4 C:\xampp\htdocs\trabajo_final\system\CodeIgniter.php(406): CodeIgniter\CodeIgniter->startController()
#5 C:\xampp\htdocs\trabajo_final\system\CodeIgniter.php(326): CodeIgniter\CodeIgniter->handleRequest(NULL, Object(Config\Cache), false)
#6 C:\xampp\htdocs\trabajo_final\public\index.php(37): CodeIgniter\CodeIgniter->run()
#7 {main}
CRITICAL - 2022-05-06 21:55:23 --> syntax error, unexpected variable "$datos"
#0 C:\xampp\htdocs\trabajo_final\system\Autoloader\Autoloader.php(241): CodeIgniter\Autoloader\Autoloader->includeFile('C:\\xampp\\htdocs...')
#1 C:\xampp\htdocs\trabajo_final\system\Autoloader\Autoloader.php(219): CodeIgniter\Autoloader\Autoloader->loadInNamespace('App\\Controllers...')
#2 [internal function]: CodeIgniter\Autoloader\Autoloader->loadClass('App\\Controllers...')
#3 C:\xampp\htdocs\trabajo_final\system\CodeIgniter.php(797): class_exists('\\App\\Controller...', true)
#4 C:\xampp\htdocs\trabajo_final\system\CodeIgniter.php(406): CodeIgniter\CodeIgniter->startController()
#5 C:\xampp\htdocs\trabajo_final\system\CodeIgniter.php(326): CodeIgniter\CodeIgniter->handleRequest(NULL, Object(Config\Cache), false)
#6 C:\xampp\htdocs\trabajo_final\public\index.php(37): CodeIgniter\CodeIgniter->run()
#7 {main}
CRITICAL - 2022-05-06 21:55:24 --> syntax error, unexpected variable "$datos"
#0 C:\xampp\htdocs\trabajo_final\system\Autoloader\Autoloader.php(241): CodeIgniter\Autoloader\Autoloader->includeFile('C:\\xampp\\htdocs...')
#1 C:\xampp\htdocs\trabajo_final\system\Autoloader\Autoloader.php(219): CodeIgniter\Autoloader\Autoloader->loadInNamespace('App\\Controllers...')
#2 [internal function]: CodeIgniter\Autoloader\Autoloader->loadClass('App\\Controllers...')
#3 C:\xampp\htdocs\trabajo_final\system\CodeIgniter.php(797): class_exists('\\App\\Controller...', true)
#4 C:\xampp\htdocs\trabajo_final\system\CodeIgniter.php(406): CodeIgniter\CodeIgniter->startController()
#5 C:\xampp\htdocs\trabajo_final\system\CodeIgniter.php(326): CodeIgniter\CodeIgniter->handleRequest(NULL, Object(Config\Cache), false)
#6 C:\xampp\htdocs\trabajo_final\public\index.php(37): CodeIgniter\CodeIgniter->run()
#7 {main}
CRITICAL - 2022-05-06 21:55:26 --> syntax error, unexpected variable "$datos"
#0 C:\xampp\htdocs\trabajo_final\system\Autoloader\Autoloader.php(241): CodeIgniter\Autoloader\Autoloader->includeFile('C:\\xampp\\htdocs...')
#1 C:\xampp\htdocs\trabajo_final\system\Autoloader\Autoloader.php(219): CodeIgniter\Autoloader\Autoloader->loadInNamespace('App\\Controllers...')
#2 [internal function]: CodeIgniter\Autoloader\Autoloader->loadClass('App\\Controllers...')
#3 C:\xampp\htdocs\trabajo_final\system\CodeIgniter.php(797): class_exists('\\App\\Controller...', true)
#4 C:\xampp\htdocs\trabajo_final\system\CodeIgniter.php(406): CodeIgniter\CodeIgniter->startController()
#5 C:\xampp\htdocs\trabajo_final\system\CodeIgniter.php(326): CodeIgniter\CodeIgniter->handleRequest(NULL, Object(Config\Cache), false)
#6 C:\xampp\htdocs\trabajo_final\public\index.php(37): CodeIgniter\CodeIgniter->run()
#7 {main}
CRITICAL - 2022-05-06 21:55:28 --> syntax error, unexpected variable "$datos"
#0 C:\xampp\htdocs\trabajo_final\system\Autoloader\Autoloader.php(241): CodeIgniter\Autoloader\Autoloader->includeFile('C:\\xampp\\htdocs...')
#1 C:\xampp\htdocs\trabajo_final\system\Autoloader\Autoloader.php(219): CodeIgniter\Autoloader\Autoloader->loadInNamespace('App\\Controllers...')
#2 [internal function]: CodeIgniter\Autoloader\Autoloader->loadClass('App\\Controllers...')
#3 C:\xampp\htdocs\trabajo_final\system\CodeIgniter.php(797): class_exists('\\App\\Controller...', true)
#4 C:\xampp\htdocs\trabajo_final\system\CodeIgniter.php(406): CodeIgniter\CodeIgniter->startController()
#5 C:\xampp\htdocs\trabajo_final\system\CodeIgniter.php(326): CodeIgniter\CodeIgniter->handleRequest(NULL, Object(Config\Cache), false)
#6 C:\xampp\htdocs\trabajo_final\public\index.php(37): CodeIgniter\CodeIgniter->run()
#7 {main}
CRITICAL - 2022-05-06 21:55:39 --> syntax error, unexpected variable "$datos"
#0 C:\xampp\htdocs\trabajo_final\system\Autoloader\Autoloader.php(241): CodeIgniter\Autoloader\Autoloader->includeFile('C:\\xampp\\htdocs...')
#1 C:\xampp\htdocs\trabajo_final\system\Autoloader\Autoloader.php(219): CodeIgniter\Autoloader\Autoloader->loadInNamespace('App\\Controllers...')
#2 [internal function]: CodeIgniter\Autoloader\Autoloader->loadClass('App\\Controllers...')
#3 C:\xampp\htdocs\trabajo_final\system\CodeIgniter.php(797): class_exists('\\App\\Controller...', true)
#4 C:\xampp\htdocs\trabajo_final\system\CodeIgniter.php(406): CodeIgniter\CodeIgniter->startController()
#5 C:\xampp\htdocs\trabajo_final\system\CodeIgniter.php(326): CodeIgniter\CodeIgniter->handleRequest(NULL, Object(Config\Cache), false)
#6 C:\xampp\htdocs\trabajo_final\public\index.php(37): CodeIgniter\CodeIgniter->run()
#7 {main}
ERROR - 2022-05-06 21:56:15 --> Column 'dpi' cannot be null
ERROR - 2022-05-06 21:56:18 --> Column 'dpi' cannot be null
ERROR - 2022-05-06 21:56:19 --> Column 'dpi' cannot be null
ERROR - 2022-05-06 21:56:20 --> Column 'dpi' cannot be null
ERROR - 2022-05-06 21:56:20 --> Column 'dpi' cannot be null
ERROR - 2022-05-06 21:56:20 --> Column 'dpi' cannot be null
ERROR - 2022-05-06 21:56:21 --> Column 'dpi' cannot be null
ERROR - 2022-05-06 21:56:21 --> Column 'dpi' cannot be null
ERROR - 2022-05-06 21:56:22 --> Column 'dpi' cannot be null
ERROR - 2022-05-06 21:56:22 --> Column 'dpi' cannot be null
ERROR - 2022-05-06 21:57:09 --> Column 'dpi' cannot be null
ERROR - 2022-05-06 21:57:31 --> Column 'dpi' cannot be null
