CRITICAL - 2022-04-23 14:49:12 --> Undefined property: stdClass::$tipo_id
#0 C:\xampp\htdocs\trabajo_final\app\Controllers\Usuarios.php(26): CodeIgniter\Debug\Exceptions->errorHandler(2, 'Undefined prope...', 'C:\\xampp\\htdocs...', 26)
#1 C:\xampp\htdocs\trabajo_final\system\CodeIgniter.php(832): App\Controllers\Usuarios->iniciarSesion()
#2 C:\xampp\htdocs\trabajo_final\system\CodeIgniter.php(419): CodeIgniter\CodeIgniter->runController(Object(App\Controllers\Usuarios))
#3 C:\xampp\htdocs\trabajo_final\system\CodeIgniter.php(326): CodeIgniter\CodeIgniter->handleRequest(NULL, Object(Config\Cache), false)
#4 C:\xampp\htdocs\trabajo_final\public\index.php(37): CodeIgniter\CodeIgniter->run()
#5 {main}
CRITICAL - 2022-04-23 14:51:20 --> Undefined property: stdClass::$tipo_id
#0 C:\xampp\htdocs\trabajo_final\app\Controllers\Usuarios.php(26): CodeIgniter\Debug\Exceptions->errorHandler(2, 'Undefined prope...', 'C:\\xampp\\htdocs...', 26)
#1 C:\xampp\htdocs\trabajo_final\system\CodeIgniter.php(832): App\Controllers\Usuarios->iniciarSesion()
#2 C:\xampp\htdocs\trabajo_final\system\CodeIgniter.php(419): CodeIgniter\CodeIgniter->runController(Object(App\Controllers\Usuarios))
#3 C:\xampp\htdocs\trabajo_final\system\CodeIgniter.php(326): CodeIgniter\CodeIgniter->handleRequest(NULL, Object(Config\Cache), false)
#4 C:\xampp\htdocs\trabajo_final\public\index.php(37): CodeIgniter\CodeIgniter->run()
#5 {main}
CRITICAL - 2022-04-23 14:53:15 --> Undefined property: stdClass::$tipo_id
#0 C:\xampp\htdocs\trabajo_final\app\Controllers\Usuarios.php(22): CodeIgniter\Debug\Exceptions->errorHandler(2, 'Undefined prope...', 'C:\\xampp\\htdocs...', 22)
#1 C:\xampp\htdocs\trabajo_final\system\CodeIgniter.php(832): App\Controllers\Usuarios->iniciarSesion()
#2 C:\xampp\htdocs\trabajo_final\system\CodeIgniter.php(419): CodeIgniter\CodeIgniter->runController(Object(App\Controllers\Usuarios))
#3 C:\xampp\htdocs\trabajo_final\system\CodeIgniter.php(326): CodeIgniter\CodeIgniter->handleRequest(NULL, Object(Config\Cache), false)
#4 C:\xampp\htdocs\trabajo_final\public\index.php(37): CodeIgniter\CodeIgniter->run()
#5 {main}
